Keep main routine alive
Bob pushed a work
Mike successfully grab job 1
Mike working on work 1
Bob pushed a work
John successfully grab job 2
John working on work 2
Bob pushed a work
Dan successfully grab job 3
Dan working on work 3
Bob pushed a work
Mike finished Work 1
Mike successfully reported work 1 finished
Mike successfully grab job 4
Mike working on work 4
John finished Work 2
John successfully reported work 2 finished
Bob pushed a work
John successfully grab job 5
John working on work 5
Dan finished Work 3
Dan successfully reported work 3 finished
Bob pushed a work
Dan successfully grab job 6
Dan working on work 6
Bob pushed a work
Mike finished Work 4
Mike successfully reported work 4 finished
Mike successfully grab job 7
Mike working on work 7
John finished Work 5
Bob pushed a work
John successfully reported work 5 finished
John successfully grab job 8
John working on work 8
Dan finished Work 6
Bob pushed a work
Dan successfully reported work 6 finished
Dan successfully grab job 9
Dan working on work 9
Bob pushed a work
Mike finished Work 7
Mike successfully reported work 7 finished
Mike successfully grab job 10
Mike working on work 10
Bob pushed a work
John finished Work 8
John successfully reported work 8 finished
John successfully grab job 11
John working on work 11
Bob pushed a work
Dan finished Work 9
Dan successfully reported work 9 finished
Dan successfully grab job 12
Dan working on work 12
Bob pushed a work
Mike finished Work 10
Mike successfully reported work 10 finished
Mike successfully grab job 13
Mike working on work 13
Bob pushed a work
John finished Work 11
John successfully reported work 11 finished
John successfully grab job 14
John working on work 14
Bob pushed a work
Dan finished Work 12
Dan successfully reported work 12 finished
Dan successfully grab job 15
Dan working on work 15
Bob pushed a work
Mike finished Work 13
Mike successfully reported work 13 finished
Mike successfully grab job 16
Mike working on work 16
Bob pushed a work
John finished Work 14
John successfully reported work 14 finished
John successfully grab job 17
John working on work 17
Bob pushed a work
Dan finished Work 15
Dan successfully reported work 15 finished
Dan successfully grab job 18
Dan working on work 18
Bob pushed a work
Mike finished Work 16
Mike successfully reported work 16 finished
Mike successfully grab job 19
Mike working on work 19
Bob pushed a work
John finished Work 17
John successfully reported work 17 finished
John successfully grab job 20
John working on work 20
Bob pushed a work
Dan finished Work 18
Dan successfully reported work 18 finished
Dan successfully grab job 21
Dan working on work 21
Bob pushed a work
Mike finished Work 19
Mike successfully reported work 19 finished
Mike successfully grab job 22
Mike working on work 22
Bob pushed a work
John finished Work 20
John successfully reported work 20 finished
John successfully grab job 23
John working on work 23
Bob pushed a work
Dan finished Work 21
Dan successfully reported work 21 finished
Dan successfully grab job 24
Dan working on work 24
Bob pushed a work
Mike finished Work 22
Mike successfully reported work 22 finished
Mike successfully grab job 25
Mike working on work 25
Bob pushed a work
John finished Work 23
John successfully reported work 23 finished
John successfully grab job 26
John working on work 26
Bob pushed a work
Dan finished Work 24
Dan successfully reported work 24 finished
Dan successfully grab job 27
Dan working on work 27
Bob pushed a work
Mike finished Work 25
Mike successfully reported work 25 finished
Mike successfully grab job 28
Mike working on work 28
Bob pushed a work
John finished Work 26
John successfully reported work 26 finished
John successfully grab job 29
John working on work 29
Bob pushed a work
Dan finished Work 27
Dan successfully reported work 27 finished
Dan successfully grab job 30
Dan working on work 30
Bob pushed a work
Mike finished Work 28
Mike successfully reported work 28 finished
Mike successfully grab job 31
Mike working on work 31
Bob pushed a work
John finished Work 29
John successfully reported work 29 finished
John successfully grab job 32
John working on work 32
Bob pushed a work
Dan finished Work 30
Dan successfully reported work 30 finished
Dan successfully grab job 33
Dan working on work 33
Bob pushed a work
Mike finished Work 31
Mike successfully reported work 31 finished
Mike successfully grab job 34
Mike working on work 34
Bob pushed a work
John finished Work 32
John successfully reported work 32 finished
John successfully grab job 35
John working on work 35
Bob pushed a work
Dan finished Work 33
Dan successfully reported work 33 finished
Dan successfully grab job 36
Dan working on work 36
